Build started 20/11/2015 00:09:20.
     1>Project "C:\Users\kepor_000\Desktop\Practical01_Templates\Practical01_Templates\Practical01_Templates.vcxproj" on node 2 (Build target(s)).
     1>ClCompile:
         C:\Program Files (x86)\Microsoft Visual Studio 12.0\VC\bin\CL.exe /c /ZI /nologo /W3 /WX- /sdl /Od /Oy- /D _MBCS /Gm /EHsc /RTC1 /MDd /GS /fp:precise /Zc:wchar_t /Zc:forScope /Fo"Debug\\" /Fd"Debug\vc120.pdb" /Gd /TP /analyze- /errorReport:prompt main.cpp
         main.cpp
     1>c:\users\kepor_000\desktop\practical01_templates\practical01_templates\matrix2.h(20): warning C4227: anachronism used : qualifiers on reference are ignored
                 c:\users\kepor_000\desktop\practical01_templates\practical01_templates\matrix2.h(68) : see reference to class template instantiation 'Matrix2<T>' being compiled
     1>c:\users\kepor_000\desktop\practical01_templates\practical01_templates\matrix2.h(29): warning C4227: anachronism used : qualifiers on reference are ignored
     1>c:\users\kepor_000\desktop\practical01_templates\practical01_templates\matrix2.h(39): warning C4227: anachronism used : qualifiers on reference are ignored
     1>c:\users\kepor_000\desktop\practical01_templates\practical01_templates\matrix2.h(50): warning C4227: anachronism used : qualifiers on reference are ignored
     1>c:\users\kepor_000\desktop\practical01_templates\practical01_templates\matrix2.h(60): warning C4227: anachronism used : qualifiers on reference are ignored
     1>c:\users\kepor_000\desktop\practical01_templates\practical01_templates\matrix2.h(61): warning C4244: 'argument' : conversion from 'double' to 'float', possible loss of data
                 c:\users\kepor_000\desktop\practical01_templates\practical01_templates\main.cpp(31) : see reference to function template instantiation 'Vector2<float> Matrix2<double>::operator *<float>(Vector2<float> &)' being compiled
                 c:\users\kepor_000\desktop\practical01_templates\practical01_templates\main.cpp(31) : see reference to function template instantiation 'Vector2<float> Matrix2<double>::operator *<float>(Vector2<float> &)' being compiled
                 c:\users\kepor_000\desktop\practical01_templates\practical01_templates\main.cpp(17) : see reference to function template instantiation 'void printRotations<double,float>(Matrix2<double>,Vector2<float>)' being compiled
       Link:
         C:\Program Files (x86)\Microsoft Visual Studio 12.0\VC\bin\link.exe /ERRORREPORT:PROMPT /OUT:"C:\Users\kepor_000\Desktop\Practical01_Templates\Debug\Practical01_Templates.exe" /INCREMENTAL /NOLOGO kernel32.lib user32.lib gdi32.lib winspool.lib comdlg32.lib advapi32.lib shell32.lib ole32.lib oleaut32.lib uuid.lib odbc32.lib odbccp32.lib /MANIFEST /MANIFESTUAC:"level='asInvoker' uiAccess='false'" /manifest:embed /DEBUG /PDB:"C:\Users\kepor_000\Desktop\Practical01_Templates\Debug\Practical01_Templates.pdb" /TLBID:1 /DYNAMICBASE /NXCOMPAT /IMPLIB:"C:\Users\kepor_000\Desktop\Practical01_Templates\Debug\Practical01_Templates.lib" /MACHINE:X86 Debug\main.obj
         Practical01_Templates.vcxproj -> C:\Users\kepor_000\Desktop\Practical01_Templates\Debug\Practical01_Templates.exe
     1>Done Building Project "C:\Users\kepor_000\Desktop\Practical01_Templates\Practical01_Templates\Practical01_Templates.vcxproj" (Build target(s)).

Build succeeded.

Time Elapsed 00:00:01.20
